<?xml version="1.0" encoding="UTF-8"?>
<!-- Generated by org.testng.reporters.JUnitXMLReporter -->
<testsuite ignored="0" hostname="LAPTOP-DSBTRNM3" failures="0" tests="4" name="Default test" time="119.529" errors="0" timestamp="2025-03-22T19:31:39 IST">
  <testcase classname="TestCases.StandardCode" name="submitOrder" time="15.107"/>
  <testcase classname="TestCases.StandardCode" name="submitOrder" time="15.19"/>
  <testcase classname="TestCases.StandardCode" name="verifyOrderHistory" time="0.79"/>
  <testcase classname="TestCases.StandardCode" name="verifyOrderHistory" time="0.811"/>
</testsuite> <!-- Default test -->
