<?xml version="1.0" encoding="UTF-8"?>
<!-- Generated by org.testng.reporters.JUnitXMLReporter -->
<testsuite ignored="0" hostname="LAPTOP-DSBTRNM3" failures="1" tests="1" name="Submit The Order" time="32.106" errors="0" timestamp="2025-03-22T23:07:05 IST">
  <testcase classname="TestCases.StandardCode" name="submitOrder" time="15.014">
    <failure type="java.lang.AssertionError" message="expected [true] but found [false]">
      <![CDATA[java.lang.AssertionError: expected [true] but found [false]
at TestCases.StandardCode.submitOrder(StandardCode.java:58)
at java.base/java.util.ArrayList.forEach(ArrayList.java:1511)
... Removed 29 stack frames]]>
    </failure>
  </testcase> <!-- submitOrder -->
</testsuite> <!-- Submit The Order -->
