<?xml version="1.0" encoding="UTF-8"?>
<!-- Generated by org.testng.reporters.JUnitXMLReporter -->
<testsuite ignored="2" hostname="LAPTOP-DSBTRNM3" failures="0" tests="0" time="0.019" errors="0" timestamp="2025-03-18T14:40:13 IST">
  <testcase classname="TestCases.StandardCode" name="verifyOrderHistory" time="0.0">
    <ignored/>
  </testcase> <!-- verifyOrderHistory -->
  <testcase classname="TestCases.StandardCode" name="submitOrder" time="0.0">
    <ignored/>
  </testcase> <!-- submitOrder -->
</testsuite>
