<?xml version="1.0" encoding="UTF-8"?>
<testng-results ignored="0" total="1" passed="1" failed="0" skipped="0">
  <reporter-output>
  </reporter-output>
  <suite started-at="2025-03-17T14:55:27 IST" name="Default suite" finished-at="2025-03-17T14:55:51 IST" duration-ms="23595">
    <groups>
    </groups>
    <test started-at="2025-03-17T14:55:27 IST" name="Default test" finished-at="2025-03-17T14:55:51 IST" duration-ms="23595">
      <class name="StandardCode">
        <test-method signature="submitOrder()[pri:0, instance:StandardCode@515c6049]" started-at="2025-03-17T14:55:27 IST" name="submitOrder" finished-at="2025-03-17T14:55:51 IST" duration-ms="23550" status="PASS">
          <reporter-output>
          </reporter-output>
        </test-method> <!-- submitOrder -->
      </class> <!-- StandardCode -->
    </test> <!-- Default test -->
  </suite> <!-- Default suite -->
</testng-results>
